2018-05-10 15:20:11

Begin to get file string...
sftp> cd /oracle/oracle11g/admin/pciss/dpdump sftp> ls pmss_autobak_20180428021502.dmp.gz pmss_autobak_20180429022001.dmp.gz pmss_autobak_20180429022001.log pmss_autobak_20180430021501.dmp.gz pmss_autobak_20180430021501.dmp.log pmss_autobak_20180430022001.dmp.gz pmss_autobak_20180430022001.log pmss_autobak_20180501022001.dmp.gz pmss_autobak_20180501022001.log pmss_autobak_20180502022001.dmp.gz pmss_autobak_20180502022001.log pmss_autobak_20180503022001.dmp.gz pmss_autobak_20180503022001.log pmss_autobak_20180504022001.dmp.gz pmss_autobak_20180504022001.log pmss_autobak_20180505022001.dmp.gz pmss_autobak_20180505022001.log pmss_autobak_20180506022001.dmp.gz pmss_autobak_20180506022001.log pmss_autobak_20180507022001.dmp.gz pmss_autobak_20180507022001.log pmss_autobak_20180508022002.dmp.gz pmss_autobak_20180508022002.log pmss_autobak_20180509022001.dmp.gz pmss_autobak_20180509022001.log pmss_autobak_20180510022001.dmp.gz pmss_autobak_20180510022001.log sftp> bye

Begin to write remote file list...
pmss_autobak_20180429022001.dmp.gz
pmss_autobak_20180430022001.dmp.gz
pmss_autobak_20180501022001.dmp.gz
pmss_autobak_20180502022001.dmp.gz
pmss_autobak_20180503022001.dmp.gz
pmss_autobak_20180504022001.dmp.gz
pmss_autobak_20180505022001.dmp.gz
pmss_autobak_20180506022001.dmp.gz
pmss_autobak_20180507022001.dmp.gz
pmss_autobak_20180508022002.dmp.gz
pmss_autobak_20180509022001.dmp.gz
pmss_autobak_20180510022001.dmp.gz
Begin to get local file...
pmss_autobak_20180429022001.dmp.gz
pmss_autobak_20180430022001.dmp.gz
pmss_autobak_20180501022001.dmp.gz
pmss_autobak_20180502022001.dmp.gz
pmss_autobak_20180503022001.dmp.gz
pmss_autobak_20180504022001.dmp.gz
pmss_autobak_20180505022001.dmp.gz
pmss_autobak_20180506022001.dmp.gz
pmss_autobak_20180507022001.dmp.gz
pmss_autobak_20180508022002.dmp.gz
pmss_autobak_20180509022001.dmp.gz
pmss_autobak_20180510022001.dmp.gz
Files need to get...

Begin to fetch file...
done



2018-05-10 15:21:03

Begin to get file string...
sftp> cd /oracle/oracle11g/admin/pciss/dpdump sftp> ls pmss_autobak_20180428021502.dmp.gz pmss_autobak_20180429022001.dmp.gz pmss_autobak_20180429022001.log pmss_autobak_20180430021501.dmp.gz pmss_autobak_20180430021501.dmp.log pmss_autobak_20180430022001.dmp.gz pmss_autobak_20180430022001.log pmss_autobak_20180501022001.dmp.gz pmss_autobak_20180501022001.log pmss_autobak_20180502022001.dmp.gz pmss_autobak_20180502022001.log pmss_autobak_20180503022001.dmp.gz pmss_autobak_20180503022001.log pmss_autobak_20180504022001.dmp.gz pmss_autobak_20180504022001.log pmss_autobak_20180505022001.dmp.gz pmss_autobak_20180505022001.log pmss_autobak_20180506022001.dmp.gz pmss_autobak_20180506022001.log pmss_autobak_20180507022001.dmp.gz pmss_autobak_20180507022001.log pmss_autobak_20180508022002.dmp.gz pmss_autobak_20180508022002.log pmss_autobak_20180509022001.dmp.gz pmss_autobak_20180509022001.log pmss_autobak_20180510022001.dmp.gz pmss_autobak_20180510022001.log sftp> bye

Begin to write remote file list...
pmss_autobak_20180429022001.dmp.gz
pmss_autobak_20180430022001.dmp.gz
pmss_autobak_20180501022001.dmp.gz
pmss_autobak_20180502022001.dmp.gz
pmss_autobak_20180503022001.dmp.gz
pmss_autobak_20180504022001.dmp.gz
pmss_autobak_20180505022001.dmp.gz
pmss_autobak_20180506022001.dmp.gz
pmss_autobak_20180507022001.dmp.gz
pmss_autobak_20180508022002.dmp.gz
pmss_autobak_20180509022001.dmp.gz
pmss_autobak_20180510022001.dmp.gz
Begin to get local file...
pmss_autobak_20180429022001.dmp.gz
pmss_autobak_20180430022001.dmp.gz
pmss_autobak_20180501022001.dmp.gz
pmss_autobak_20180502022001.dmp.gz
pmss_autobak_20180503022001.dmp.gz
pmss_autobak_20180504022001.dmp.gz
pmss_autobak_20180505022001.dmp.gz
pmss_autobak_20180506022001.dmp.gz
pmss_autobak_20180507022001.dmp.gz
pmss_autobak_20180508022002.dmp.gz
pmss_autobak_20180510022001.dmp.gz
Files need to get...
pmss_autobak_20180509022001.dmp.gz

Begin to fetch file...
sftp>   lcd /appl/oracle/app/oracle/admin/pciss/dpdump
sftp>   cd /oracle/oracle11g/admin/pciss/dpdump
sftp>   get pmss_autobak_20180509022001.dmp.gz
Fetching /oracle/oracle11g/admin/pciss/dpdump/pmss_autobak_20180509022001.dmp.gz to pmss_autobak_20180509022001.dmp.gz
sftp>   bye
done



2018-05-10 15:22:49

Begin to get file string...
sftp> cd /oracle/oracle11g/admin/pciss/dpdump sftp> ls pmss_autobak_20180428021502.dmp.gz pmss_autobak_20180429022001.dmp.gz pmss_autobak_20180429022001.log pmss_autobak_20180430021501.dmp.gz pmss_autobak_20180430021501.dmp.log pmss_autobak_20180430022001.dmp.gz pmss_autobak_20180430022001.log pmss_autobak_20180501022001.dmp.gz pmss_autobak_20180501022001.log pmss_autobak_20180502022001.dmp.gz pmss_autobak_20180502022001.log pmss_autobak_20180503022001.dmp.gz pmss_autobak_20180503022001.log pmss_autobak_20180504022001.dmp.gz pmss_autobak_20180504022001.log pmss_autobak_20180505022001.dmp.gz pmss_autobak_20180505022001.log pmss_autobak_20180506022001.dmp.gz pmss_autobak_20180506022001.log pmss_autobak_20180507022001.dmp.gz pmss_autobak_20180507022001.log pmss_autobak_20180508022002.dmp.gz pmss_autobak_20180508022002.log pmss_autobak_20180509022001.dmp.gz pmss_autobak_20180509022001.log pmss_autobak_20180510022001.dmp.gz pmss_autobak_20180510022001.log sftp> bye

Begin to write remote file list...
pmss_autobak_20180429022001.dmp.gz
pmss_autobak_20180430022001.dmp.gz
pmss_autobak_20180501022001.dmp.gz
pmss_autobak_20180502022001.dmp.gz
pmss_autobak_20180503022001.dmp.gz
pmss_autobak_20180504022001.dmp.gz
pmss_autobak_20180505022001.dmp.gz
pmss_autobak_20180506022001.dmp.gz
pmss_autobak_20180507022001.dmp.gz
pmss_autobak_20180508022002.dmp.gz
pmss_autobak_20180509022001.dmp.gz
pmss_autobak_20180510022001.dmp.gz

Begin to get local file...
pmss_autobak_20180429022001.dmp.gz
pmss_autobak_20180430022001.dmp.gz
pmss_autobak_20180501022001.dmp.gz
pmss_autobak_20180502022001.dmp.gz
pmss_autobak_20180503022001.dmp.gz
pmss_autobak_20180504022001.dmp.gz
pmss_autobak_20180505022001.dmp.gz
pmss_autobak_20180506022001.dmp.gz
pmss_autobak_20180507022001.dmp.gz
pmss_autobak_20180509022001.dmp.gz
pmss_autobak_20180510022001.dmp.gz

Files need to get...
pmss_autobak_20180508022002.dmp.gz

Begin to fetch file...
sftp>   lcd /appl/oracle/app/oracle/admin/pciss/dpdump
sftp>   cd /oracle/oracle11g/admin/pciss/dpdump
sftp>   get pmss_autobak_20180508022002.dmp.gz
Fetching /oracle/oracle11g/admin/pciss/dpdump/pmss_autobak_20180508022002.dmp.gz to pmss_autobak_20180508022002.dmp.gz
sftp>   bye

done



